-I: Adding /home/elite/miniconda3/dat/leap/prep to search path.
-I: Adding /home/elite/miniconda3/dat/leap/lib to search path.
-I: Adding /home/elite/miniconda3/dat/leap/parm to search path.
-I: Adding /home/elite/miniconda3/dat/leap/cmd to search path.
-s: Ignoring all leaprc startup files.
-f: Source 1OKL_tleap.in.

Welcome to LEaP!
Sourcing: ./1OKL_tleap.in
----- Source: /home/elite/miniconda3/dat/leap/cmd/leaprc.protein.ff19SB
----- Source of /home/elite/miniconda3/dat/leap/cmd/leaprc.protein.ff19SB done
Log file: ./leap.log
Loading parameters: /home/elite/miniconda3/dat/leap/parm/parm19.dat
Reading title:
PARM99 + frcmod.ff99SB + frcmod.parmbsc0 + OL3 for RNA + ff19SB
Loading parameters: /home/elite/miniconda3/dat/leap/parm/frcmod.ff19SB
Reading force field modification type file (frcmod)
Reading title:
ff19SB AA-specific backbone CMAPs for protein 07/25/2019
Loading library: /home/elite/miniconda3/dat/leap/lib/amino19.lib
Loading library: /home/elite/miniconda3/dat/leap/lib/aminoct12.lib
Loading library: /home/elite/miniconda3/dat/leap/lib/aminont12.lib
----- Source: /home/elite/miniconda3/dat/leap/cmd/leaprc.gaff
----- Source of /home/elite/miniconda3/dat/leap/cmd/leaprc.gaff done
Log file: ./leap.log
Loading parameters: /home/elite/miniconda3/dat/leap/parm/gaff.dat
Reading title:
AMBER General Force Field for organic molecules (Version 1.81, May 2017)
----- Source: /home/elite/miniconda3/dat/leap/cmd/leaprc.water.opc
----- Source of /home/elite/miniconda3/dat/leap/cmd/leaprc.water.opc done
Loading library: /home/elite/miniconda3/dat/leap/lib/atomic_ions.lib
Loading library: /home/elite/miniconda3/dat/leap/lib/solvents.lib
Loading parameters: /home/elite/miniconda3/dat/leap/parm/frcmod.opc
Reading force field modification type file (frcmod)
Reading title:
Parameters for OPC water (JPCL, 2014, 5 (21), pp 3863-3871)
Loading parameters: /home/elite/miniconda3/dat/leap/parm/frcmod.ionslm_126_opc
Reading force field modification type file (frcmod)
Reading title:
Li/Merz ion parameters of atomic ions for the OPC water model (12-6 set)
Loading Mol2 file: ./HD1.mol2
Reading MOLECULE named HD1
Loading Mol2 file: ./HD2.mol2
Reading MOLECULE named HD2
Loading Mol2 file: ./HE1.mol2
Reading MOLECULE named HE1
Loading Mol2 file: ./ZN1.mol2
Reading MOLECULE named ZN1
Loading Mol2 file: ./MS1.mol2
Reading MOLECULE named MS1
Loading parameters: ./MNS.frcmod
Reading force field modification type file (frcmod)
Reading title:
Remark line goes here
Loading parameters: /home/elite/miniconda3/dat/leap/parm/frcmod.ionslm_126_opc
Reading force field modification type file (frcmod)
Reading title:
Li/Merz ion parameters of atomic ions for the OPC water model (12-6 set)
Loading parameters: ./1OKL_mcpbpy.frcmod
Reading force field modification type file (frcmod)
Reading title:
REMARK GOES HERE, THIS FILE IS GENERATED BY MCPB.PY
Loading PDB file: ./1OKL_mcpbpy.pdb

/home/elite/miniconda3/bin/teLeap: Warning!
One sided connection. Residue (HD1) missing connect0 atom.

/home/elite/miniconda3/bin/teLeap: Warning!
One sided connection. Residue (default_name) missing connect1 atom.

/home/elite/miniconda3/bin/teLeap: Warning!
One sided connection. Residue (HD2) missing connect0 atom.

/home/elite/miniconda3/bin/teLeap: Warning!
One sided connection. Residue (default_name) missing connect1 atom.

/home/elite/miniconda3/bin/teLeap: Warning!
One sided connection. Residue (HE1) missing connect0 atom.

/home/elite/miniconda3/bin/teLeap: Warning!
One sided connection. Residue (default_name) missing connect1 atom.
  total atoms in file: 4048
Writing pdb file: 1OKL_dry.pdb

/home/elite/miniconda3/bin/teLeap: Warning!
 Converting N-terminal residue name to PDB format: NTRP -> TRP

/home/elite/miniconda3/bin/teLeap: Warning!
 Converting C-terminal residue name to PDB format: CPHE -> PHE
Checking Unit.

/home/elite/miniconda3/bin/teLeap: Warning!
The unperturbed charge of the unit (1.000002) is not zero.

/home/elite/miniconda3/bin/teLeap: Note.
Ignoring the warning from Unit Checking.

Building topology.
Building atom parameters.
Building bond parameters.
Building angle parameters.
Building proper torsion parameters.
Building improper torsion parameters.
 total 847 improper torsions applied
Building H-Bond parameters.
Incorporating Non-Bonded adjustments.
Not Marking per-residue atom chain types.
Marking per-residue atom chain types.
  (Residues lacking connect0/connect1 - 
   these don't have chain types marked:

	res	total affected

	CPHE	1
	HD1	1
	HD2	1
	HE1	1
	MS1	1
	NTRP	1
  )
 (no restraints)
  Solute vdw bounding box:              49.749 47.520 57.504
  Total bounding box for atom centers:  69.749 67.520 77.504
  Solvent unit box:                     18.865 18.478 19.006
  Total vdw box size:                   73.069 70.431 80.972 angstroms.
  Volume: 416706.800 A^3 
  Total mass 205226.780 amu,  Density 0.818 g/cc
  Added 9785 residues.

/home/elite/miniconda3/bin/teLeap: Warning!
addIons: 1st Ion & target unit have charges of the same sign:
     unit charge = 1; ion1 charge = 1;
     can't neutralize.
1 Cl- ion required to neutralize.
Adding 1 counter ions to "mol" using 1A grid
Grid extends from solute vdw + 2.36  to  8.36
Resolution:      1.00 Angstrom.
Solvent present: replacing closest with ion
	 when steric overlaps occur
Calculating grid charges
(Replacing solvent molecule)
Placed Cl- in mol at (-2.78, -3.52, 27.98).

Done adding ions.
Writing pdb file: 1OKL_solv.pdb
   printing CRYST1 record to PDB file with box info

/home/elite/miniconda3/bin/teLeap: Warning!
 Converting N-terminal residue name to PDB format: NTRP -> TRP

/home/elite/miniconda3/bin/teLeap: Warning!
 Converting C-terminal residue name to PDB format: CPHE -> PHE
Checking Unit.

/home/elite/miniconda3/bin/teLeap: Note.
Ignoring the warnings from Unit Checking.

Building topology.
Building atom parameters.
Building bond parameters.
Building angle parameters.
Building proper torsion parameters.
Building improper torsion parameters.
 total 847 improper torsions applied
Building H-Bond parameters.
Incorporating Non-Bonded adjustments.
Not Marking per-residue atom chain types.
Marking per-residue atom chain types.
  (Residues lacking connect0/connect1 - 
   these don't have chain types marked:

	res	total affected

	CPHE	1
	HD1	1
	HD2	1
	HE1	1
	MS1	1
	NTRP	1
  )
 (no restraints)
	Quit

Exiting LEaP: Errors = 0; Warnings = 12; Notes = 2.
