
 -----------------------------------------------
      Restrained ESP Fit 2.3  Amber 4.1
 -----------------------------------------------
 Resp charges for organic molecule                                               
 -----------------------------------------------


 inopt       =     0   ioutopt     =     1
 nmol        =     1   iqopt       =     0
 ihfree      =     1   irstrnt     =     1
 iunits      =     0   qwt         =   0.00050000
 wtmol(1) =     1.000000
 subtitle:

Resp charges for organic molecule                                               
ich =   1  iuniq = 113
    1    1    0
    2    6    0
    3    1    0
    4    1    0
    5    6    0
    6    8    0
    7    7    0
    8    1    0
    9    6    0
   10    1    0
   11    6    0
   12    1    0
   13    1    0
   14    6    0
   15    7    0
   16    1    0
   17    6    0
   18    1    0
   19    7    0
   20    6    0
   21    1    0
   22    6    0
   23    8    0
   24    7    0
   25    1    0
   26    6    0
   27    1    0
   28    1    0
   29    6    0
   30    8    0
   31    7    0
   32    1    0
   33    6    0
   34    1    0
   35    6    0
   36    1    0
   37    1    0
   38    6    0
   39    7    0
   40    1    0
   41    6    0
   42    1    0
   43    7    0
   44    6    0
   45    1    0
   46    6    0
   47    8    0
   48    7    0
   49    1    0
   50    6    0
   51    1    0
   52    1    0
   53    1    0
   54    1    0
   55    6    0
   56    1    0
   57    1    0
   58    6    0
   59    8    0
   60    7    0
   61    1    0
   62    6    0
   63    1    0
   64    6    0
   65    1    0
   66    1    0
   67    6    0
   68    7    0
   69    6    0
   70    1    0
   71    7    0
   72    1    0
   73    6    0
   74    1    0
   75    6    0
   76    8    0
   77    7    0
   78    1    0
   79    6    0
   80    1    0
   81    1    0
   82    1    0
   83   30    0
   84    6    0
   85    6    0
   86    6    0
   87    6    0
   88    6    0
   89    6    0
   90    6    0
   91    6    0
   92    6    0
   93    6    0
   94    7    0
   95    6    0
   96    6    0
   97   16    0
   98    8    0
   99    8    0
  100    7    0
  101    1    0
  102    1    0
  103    1    0
  104    1    0
  105    1    0
  106    1    0
  107    1    0
  108    1    0
  109    1    0
  110    1    0
  111    1    0
  112    1    0
  113    1    0
    1    1    1    2    1    3    1    4    1    5    1    6
    1   24    1   25    1   26    1   27    1   28    1   29    1   30
    1   48    1   49    1   50    1   51    1   52    1   53
    1   54    1   55    1   56    1   57    1   58    1   59
    1   77    1   78    1   79    1   80    1   81    1   82
    1    7
    1    9
    1   22
    1   23
    1   31
    1   33
    1   46
    1   47
    1   60
    1   62
    1   75
    1   76

  ----------------------------------------------------------------------------
     ATOM                       COORDINATES                         CHARGE
                       X             Y                Z
  ----------------------------------------------------------------------------
  ----------------------------------------------------------------------------


 Charge on the molecule(ich) =    1
 Total number of atoms (iuniq)     =  113
 Weight factor on initial charge restraints(qwt)=     0.50000D-03


  there are 18 charge constraints:


     1       1  0  0  0  0  0  0  0  0  0  0  0  0  0  0  0  0  1
     2       1  0  0  0  0  0  0  0  0  0  0  0  0  0  0  0  0  1
     3       1  0  0  0  0  0  0  0  0  0  0  0  0  0  0  0  0  1
     4       1  0  0  0  0  0  0  0  0  0  0  0  0  0  0  0  0  1
     5       1  0  0  0  0  0  0  0  0  0  0  0  0  0  0  0  0  1
     6       1  0  0  0  0  0  0  0  0  0  0  0  0  0  0  0  0  1
     7       0  0  0  0  0  1  0  0  0  0  0  0  0  0  0  0  0  1
     8       0  0  0  0  0  0  0  0  0  0  0  0  0  0  0  0  0  1
     9       0  0  0  0  0  0  1  0  0  0  0  0  0  0  0  0  0  1
    10       0  0  0  0  0  0  0  0  0  0  0  0  0  0  0  0  0  1
    11       0  0  0  0  0  0  0  0  0  0  0  0  0  0  0  0  0  1
    12       0  0  0  0  0  0  0  0  0  0  0  0  0  0  0  0  0  1
    13       0  0  0  0  0  0  0  0  0  0  0  0  0  0  0  0  0  1
    14       0  0  0  0  0  0  0  0  0  0  0  0  0  0  0  0  0  1
    15       0  0  0  0  0  0  0  0  0  0  0  0  0  0  0  0  0  1
    16       0  0  0  0  0  0  0  0  0  0  0  0  0  0  0  0  0  1
    17       0  0  0  0  0  0  0  0  0  0  0  0  0  0  0  0  0  1
    18       0  0  0  0  0  0  0  0  0  0  0  0  0  0  0  0  0  1
    19       0  0  0  0  0  0  0  0  0  0  0  0  0  0  0  0  0  1
    20       0  0  0  0  0  0  0  0  0  0  0  0  0  0  0  0  0  1
    21       0  0  0  0  0  0  0  0  0  0  0  0  0  0  0  0  0  1
    22       0  0  0  0  0  0  0  1  0  0  0  0  0  0  0  0  0  1
    23       0  0  0  0  0  0  0  0  1  0  0  0  0  0  0  0  0  1
    24       0  1  0  0  0  0  0  0  0  0  0  0  0  0  0  0  0  1
    25       0  1  0  0  0  0  0  0  0  0  0  0  0  0  0  0  0  1
    26       0  1  0  0  0  0  0  0  0  0  0  0  0  0  0  0  0  1
    27       0  1  0  0  0  0  0  0  0  0  0  0  0  0  0  0  0  1
    28       0  1  0  0  0  0  0  0  0  0  0  0  0  0  0  0  0  1
    29       0  1  0  0  0  0  0  0  0  0  0  0  0  0  0  0  0  1
    30       0  1  0  0  0  0  0  0  0  0  0  0  0  0  0  0  0  1
    31       0  0  0  0  0  0  0  0  0  1  0  0  0  0  0  0  0  1
    32       0  0  0  0  0  0  0  0  0  0  0  0  0  0  0  0  0  1
    33       0  0  0  0  0  0  0  0  0  0  1  0  0  0  0  0  0  1
    34       0  0  0  0  0  0  0  0  0  0  0  0  0  0  0  0  0  1
    35       0  0  0  0  0  0  0  0  0  0  0  0  0  0  0  0  0  1
    36       0  0  0  0  0  0  0  0  0  0  0  0  0  0  0  0  0  1
    37       0  0  0  0  0  0  0  0  0  0  0  0  0  0  0  0  0  1
    38       0  0  0  0  0  0  0  0  0  0  0  0  0  0  0  0  0  1
    39       0  0  0  0  0  0  0  0  0  0  0  0  0  0  0  0  0  1
    40       0  0  0  0  0  0  0  0  0  0  0  0  0  0  0  0  0  1
    41       0  0  0  0  0  0  0  0  0  0  0  0  0  0  0  0  0  1
    42       0  0  0  0  0  0  0  0  0  0  0  0  0  0  0  0  0  1
    43       0  0  0  0  0  0  0  0  0  0  0  0  0  0  0  0  0  1
    44       0  0  0  0  0  0  0  0  0  0  0  0  0  0  0  0  0  1
    45       0  0  0  0  0  0  0  0  0  0  0  0  0  0  0  0  0  1
    46       0  0  0  0  0  0  0  0  0  0  0  1  0  0  0  0  0  1
    47       0  0  0  0  0  0  0  0  0  0  0  0  1  0  0  0  0  1
    48       0  0  1  0  0  0  0  0  0  0  0  0  0  0  0  0  0  1
    49       0  0  1  0  0  0  0  0  0  0  0  0  0  0  0  0  0  1
    50       0  0  1  0  0  0  0  0  0  0  0  0  0  0  0  0  0  1
    51       0  0  1  0  0  0  0  0  0  0  0  0  0  0  0  0  0  1
    52       0  0  1  0  0  0  0  0  0  0  0  0  0  0  0  0  0  1
    53       0  0  1  0  0  0  0  0  0  0  0  0  0  0  0  0  0  1
    54       0  0  0  1  0  0  0  0  0  0  0  0  0  0  0  0  0  1
    55       0  0  0  1  0  0  0  0  0  0  0  0  0  0  0  0  0  1
    56       0  0  0  1  0  0  0  0  0  0  0  0  0  0  0  0  0  1
    57       0  0  0  1  0  0  0  0  0  0  0  0  0  0  0  0  0  1
    58       0  0  0  1  0  0  0  0  0  0  0  0  0  0  0  0  0  1
    59       0  0  0  1  0  0  0  0  0  0  0  0  0  0  0  0  0  1
    60       0  0  0  0  0  0  0  0  0  0  0  0  0  1  0  0  0  1
    61       0  0  0  0  0  0  0  0  0  0  0  0  0  0  0  0  0  1
    62       0  0  0  0  0  0  0  0  0  0  0  0  0  0  1  0  0  1
    63       0  0  0  0  0  0  0  0  0  0  0  0  0  0  0  0  0  1
    64       0  0  0  0  0  0  0  0  0  0  0  0  0  0  0  0  0  1
    65       0  0  0  0  0  0  0  0  0  0  0  0  0  0  0  0  0  1
    66       0  0  0  0  0  0  0  0  0  0  0  0  0  0  0  0  0  1
    67       0  0  0  0  0  0  0  0  0  0  0  0  0  0  0  0  0  1
    68       0  0  0  0  0  0  0  0  0  0  0  0  0  0  0  0  0  1
    69       0  0  0  0  0  0  0  0  0  0  0  0  0  0  0  0  0  1
    70       0  0  0  0  0  0  0  0  0  0  0  0  0  0  0  0  0  1
    71       0  0  0  0  0  0  0  0  0  0  0  0  0  0  0  0  0  1
    72       0  0  0  0  0  0  0  0  0  0  0  0  0  0  0  0  0  1
    73       0  0  0  0  0  0  0  0  0  0  0  0  0  0  0  0  0  1
    74       0  0  0  0  0  0  0  0  0  0  0  0  0  0  0  0  0  1
    75       0  0  0  0  0  0  0  0  0  0  0  0  0  0  0  1  0  1
    76       0  0  0  0  0  0  0  0  0  0  0  0  0  0  0  0  1  1
    77       0  0  0  0  1  0  0  0  0  0  0  0  0  0  0  0  0  1
    78       0  0  0  0  1  0  0  0  0  0  0  0  0  0  0  0  0  1
    79       0  0  0  0  1  0  0  0  0  0  0  0  0  0  0  0  0  1
    80       0  0  0  0  1  0  0  0  0  0  0  0  0  0  0  0  0  1
    81       0  0  0  0  1  0  0  0  0  0  0  0  0  0  0  0  0  1
    82       0  0  0  0  1  0  0  0  0  0  0  0  0  0  0  0  0  1
    83       0  0  0  0  0  0  0  0  0  0  0  0  0  0  0  0  0  1
    84       0  0  0  0  0  0  0  0  0  0  0  0  0  0  0  0  0  1
    85       0  0  0  0  0  0  0  0  0  0  0  0  0  0  0  0  0  1
    86       0  0  0  0  0  0  0  0  0  0  0  0  0  0  0  0  0  1
    87       0  0  0  0  0  0  0  0  0  0  0  0  0  0  0  0  0  1
    88       0  0  0  0  0  0  0  0  0  0  0  0  0  0  0  0  0  1
    89       0  0  0  0  0  0  0  0  0  0  0  0  0  0  0  0  0  1
    90       0  0  0  0  0  0  0  0  0  0  0  0  0  0  0  0  0  1
    91       0  0  0  0  0  0  0  0  0  0  0  0  0  0  0  0  0  1
    92       0  0  0  0  0  0  0  0  0  0  0  0  0  0  0  0  0  1
    93       0  0  0  0  0  0  0  0  0  0  0  0  0  0  0  0  0  1
    94       0  0  0  0  0  0  0  0  0  0  0  0  0  0  0  0  0  1
    95       0  0  0  0  0  0  0  0  0  0  0  0  0  0  0  0  0  1
    96       0  0  0  0  0  0  0  0  0  0  0  0  0  0  0  0  0  1
    97       0  0  0  0  0  0  0  0  0  0  0  0  0  0  0  0  0  1
    98       0  0  0  0  0  0  0  0  0  0  0  0  0  0  0  0  0  1
    99       0  0  0  0  0  0  0  0  0  0  0  0  0  0  0  0  0  1
   100       0  0  0  0  0  0  0  0  0  0  0  0  0  0  0  0  0  1
   101       0  0  0  0  0  0  0  0  0  0  0  0  0  0  0  0  0  1
   102       0  0  0  0  0  0  0  0  0  0  0  0  0  0  0  0  0  1
   103       0  0  0  0  0  0  0  0  0  0  0  0  0  0  0  0  0  1
   104       0  0  0  0  0  0  0  0  0  0  0  0  0  0  0  0  0  1
   105       0  0  0  0  0  0  0  0  0  0  0  0  0  0  0  0  0  1
   106       0  0  0  0  0  0  0  0  0  0  0  0  0  0  0  0  0  1
   107       0  0  0  0  0  0  0  0  0  0  0  0  0  0  0  0  0  1
   108       0  0  0  0  0  0  0  0  0  0  0  0  0  0  0  0  0  1
   109       0  0  0  0  0  0  0  0  0  0  0  0  0  0  0  0  0  1
   110       0  0  0  0  0  0  0  0  0  0  0  0  0  0  0  0  0  1
   111       0  0  0  0  0  0  0  0  0  0  0  0  0  0  0  0  0  1
   112       0  0  0  0  0  0  0  0  0  0  0  0  0  0  0  0  0  1
   113       0  0  0  0  0  0  0  0  0  0  0  0  0  0  0  0  0  1

 Reading esp"s for molecule   1
 total number of atoms      =   113
 total number of esp points =  3540


 center     X       Y       Z 
    1   0.3950877E+01   0.1049938E+02  -0.4933678E+01
    2   0.2048733E+01   0.1044897E+02  -0.4123133E+01
    3   0.2124685E+01   0.9926426E+01  -0.2137443E+01
    4   0.1280992E+01   0.1236380E+02  -0.4307999E+01
    5   0.4555903E+00   0.8679540E+01  -0.5754337E+01
    6   0.4835147E+00   0.8873647E+01  -0.8084512E+01
    7  -0.8113482E+00   0.6878098E+01  -0.4540993E+01
    8  -0.8646611E+00   0.6893934E+01  -0.2619357E+01
    9  -0.2413881E+01   0.5046734E+01  -0.5843541E+01
   10  -0.3168825E+01   0.5954462E+01  -0.7545757E+01
   11  -0.8753910E+00   0.2724894E+01  -0.6641234E+01
   12  -0.2057093E+01   0.1358609E+01  -0.7653676E+01
   13   0.5551618E+00   0.3365685E+01  -0.7992624E+01
   14   0.4039648E+00   0.1435848E+01  -0.4420999E+01
   15   0.2710374E+01   0.2199189E+01  -0.3760587E+01
   16   0.3678890E+01   0.3603530E+01  -0.4626614E+01
   17   0.3542902E+01   0.9220332E+00  -0.1693597E+01
   18   0.5313401E+01   0.1183209E+01  -0.7195113E+00
   19   0.1692178E+01  -0.7203106E+00  -0.1010962E+01
   20  -0.2830091E+00  -0.4529805E+00  -0.2663618E+01
   21  -0.1985242E+01  -0.1572501E+01  -0.2630831E+01
   22  -0.4551019E+01   0.4271329E+01  -0.4074567E+01
   23  -0.4662521E+01   0.5123720E+01  -0.1910294E+01
   24  -0.6243734E+01   0.2665576E+01  -0.4996179E+01
   25  -0.6020907E+01   0.1861868E+01  -0.6715221E+01
   26  -0.8404330E+01   0.1816558E+01  -0.3516257E+01
   27  -0.8141212E+01   0.2504582E+01  -0.1588700E+01
   28  -0.1015692E+02   0.2663314E+01  -0.4242015E+01
   29  -0.8624755E+01  -0.1050805E+01  -0.3598919E+01
   30  -0.7381066E+01  -0.2298973E+01  -0.5114916E+01
   31  -0.1024055E+02  -0.2050298E+01  -0.1957732E+01
   32  -0.1140446E+02  -0.9539526E+00  -0.8904786E+00
   33  -0.1087873E+02  -0.4738080E+01  -0.1835553E+01
   34  -0.1028410E+02  -0.5623046E+01  -0.3604076E+01
   35  -0.9715518E+01  -0.6042563E+01   0.4724863E+00
   36  -0.1047105E+02  -0.5129283E+01   0.2168445E+01
   37  -0.1033329E+02  -0.8020970E+01   0.5374135E+00
   38  -0.6867329E+01  -0.5925954E+01   0.4739414E+00
   39  -0.5566511E+01  -0.7901536E+01  -0.3923222E+00
   40  -0.6329112E+01  -0.9542215E+01  -0.1014902E+01
   41  -0.3047722E+01  -0.7414448E+01  -0.3309855E+00
   42  -0.1570510E+01  -0.8694523E+01  -0.9066131E+00
   43  -0.2743141E+01  -0.5051712E+01   0.6082234E+00
   44  -0.5072573E+01  -0.4076437E+01   0.1123325E+01
   45  -0.5354331E+01  -0.2210475E+01   0.1888163E+01
   46  -0.1374151E+02  -0.4566651E+01  -0.1530489E+01
   47  -0.1465725E+02  -0.2965626E+01  -0.1077654E+00
   48  -0.1516073E+02  -0.6083629E+01  -0.2933856E+01
   49  -0.1435308E+02  -0.7297608E+01  -0.4165867E+01
   50  -0.1790771E+02  -0.5970763E+01  -0.2764907E+01
   51  -0.1852313E+02  -0.6310551E+01  -0.8225278E+00
   52  -0.1859238E+02  -0.4108347E+01  -0.3344086E+01
   53  -0.1871089E+02  -0.7411776E+01  -0.4001629E+01
   54  -0.9462089E+01   0.5041050E+01   0.4149731E+01
   55  -0.8242877E+01   0.6542940E+01   0.3414036E+01
   56  -0.8067465E+01   0.6365106E+01   0.1363740E+01
   57  -0.9157308E+01   0.8339692E+01   0.3870561E+01
   58  -0.5712260E+01   0.6438990E+01   0.4787356E+01
   59  -0.5607116E+01   0.6736087E+01   0.7101481E+01
   60  -0.3680939E+01   0.6039954E+01   0.3365318E+01
   61  -0.3848208E+01   0.5886903E+01   0.1457451E+01
   62  -0.1148339E+01   0.5929575E+01   0.4436767E+01
   63  -0.1385243E+01   0.6315596E+01   0.6452052E+01
   64   0.2269939E-01   0.3313899E+01   0.4052086E+01
   65  -0.4736409E-01   0.2830076E+01   0.2046985E+01
   66   0.2029596E+01   0.3319075E+01   0.4579475E+01
   67  -0.1298164E+01   0.1281890E+01   0.5554659E+01
   68  -0.9617307E+00  -0.1111027E+01   0.4867055E+01
   69  -0.2365608E+01  -0.2684133E+01   0.6341359E+01
   70  -0.2385732E+01  -0.4720046E+01   0.6296622E+01
   71  -0.3630766E+01  -0.1234271E+01   0.8014249E+01
   72  -0.4747491E+01  -0.1852731E+01   0.9436968E+01
   73  -0.3011881E+01   0.1235616E+01   0.7592552E+01
   74  -0.3872481E+01   0.2770888E+01   0.8629511E+01
   75   0.5688415E+00   0.7876482E+01   0.3237261E+01
   76   0.1001097E+01   0.7816481E+01   0.9329804E+00
   77   0.1477822E+01   0.9644825E+01   0.4773784E+01
   78   0.9869831E+00   0.9619663E+01   0.6617820E+01
   79   0.3223727E+01   0.1157713E+02   0.3885615E+01
   80   0.2291100E+01   0.1285639E+02   0.2554558E+01
   81   0.3897558E+01   0.1266118E+02   0.5504949E+01
   82   0.4835739E+01   0.1070345E+02   0.2932515E+01
   83   0.2618915E+00  -0.3230386E+01   0.1747749E+01
   84   0.7642778E+01  -0.4010106E+01   0.6903660E+00
   85   0.6676651E+01  -0.5118686E+01  -0.1529240E+01
   86   0.8190375E+01  -0.5156011E+01  -0.3679177E+01
   87   0.1062096E+02  -0.4108242E+01  -0.3626414E+01
   88   0.1171325E+02  -0.2965685E+01  -0.1471188E+01
   89   0.1419904E+02  -0.1884144E+01  -0.1380951E+01
   90   0.1504735E+02  -0.8063461E+00   0.8981584E+00
   91   0.1353504E+02  -0.7584793E+00   0.3079394E+01
   92   0.1110182E+02  -0.1824867E+01   0.2970383E+01
   93   0.1014761E+02  -0.2934572E+01   0.7345308E+00
   94   0.1585790E+02  -0.1925011E+01  -0.3747786E+01
   95   0.1656989E+02  -0.4061182E+01  -0.4168823E+01
   96   0.1491383E+02  -0.3480006E+00  -0.5471573E+01
   97   0.5849307E+01  -0.3920399E+01   0.3383301E+01
   98   0.5455070E+01  -0.1227392E+01   0.4142907E+01
   99   0.7191452E+01  -0.5328700E+01   0.5435835E+01
  100   0.3348396E+01  -0.5137628E+01   0.2883866E+01
  101   0.3360999E+01  -0.6990093E+01   0.3380279E+01
  102   0.1316951E+02  -0.9533894E+00  -0.6470596E+01
  103   0.1451373E+02   0.1518176E+01  -0.4668479E+01
  104   0.1630821E+02  -0.2721017E-01  -0.6993324E+01
  105   0.1749253E+02  -0.4986979E+01  -0.2544440E+01
  106   0.1518036E+02  -0.5522726E+01  -0.4857386E+01
  107   0.1805125E+02  -0.4122263E+01  -0.5664240E+01
  108   0.9965616E+01  -0.1798131E+01   0.4665140E+01
  109   0.1422874E+02   0.7180014E-01   0.4819956E+01
  110   0.1693675E+02   0.7936849E-03   0.9195822E+00
  111   0.1169163E+02  -0.4227931E+01  -0.5358292E+01
  112   0.7514117E+01  -0.6009538E+01  -0.5418721E+01
  113   0.4799963E+01  -0.5933564E+01  -0.1517017E+01
 Initial ssvpot =    20.729


 Number of unique UNfrozen centers=  113

 Non-linear optimization requested.
 qchnge =    0.2787534811E-01
 qchnge =    0.2667590560E-02
 qchnge =    0.6373397362E-03
 qchnge =    0.2007170925E-03
 qchnge =    0.7068161615E-04
 qchnge =    0.2631836539E-04
 qchnge =    0.1008984443E-04
 qchnge =    0.3930078181E-05
 qchnge =    0.1545082924E-05
 qchnge =    0.6110578810E-06

 Convergence in    9 iterations


Resp charges for organic molecule                                               

          Point Charges Before & After Optimization

    no.  At.no.    q(init)       q(opt)     ivary    d(rstr)/dq
    1   1       0.000000       0.135658      0       0.000000
    2   6       0.000000      -0.558004      0       0.000882
    3   1       0.000000       0.224208      0       0.000000
    4   1       0.000000       0.166946      0       0.000000
    5   6       0.000000       0.532514      0       0.000923
    6   8       0.000000      -0.501322      0       0.000978
    7   7       0.000000      -0.415700      0       0.001169
    8   1       0.000000       0.317341      0       0.000000
    9   6       0.000000       0.018800      0       0.004914
   10   1       0.000000       0.073416      0       0.000000
   11   6       0.000000      -0.091628      0       0.003687
   12   1       0.000000       0.066780      0       0.000000
   13   1       0.000000       0.093884      0       0.000000
   14   6       0.000000      -0.018176      0       0.004919
   15   7       0.000000      -0.140867      0       0.002894
   16   1       0.000000       0.356882      0       0.000000
   17   6       0.000000      -0.114383      0       0.003291
   18   1       0.000000       0.198712      0       0.000000
   19   7       0.000000      -0.064049      0       0.004210
   20   6       0.000000      -0.128907      0       0.003065
   21   1       0.000000       0.105086      0       0.000000
   22   6       0.000000       0.597300      0       0.000826
   23   8       0.000000      -0.567900      0       0.000867
   24   7       0.000000      -0.412249      0       0.001179
   25   1       0.000000       0.290089      0       0.000000
   26   6       0.000000       0.000274      0       0.005000
   27   1       0.000000       0.040056      0       0.000000
   28   1       0.000000       0.076780      0       0.000000
   29   6       0.000000       0.513162      0       0.000956
   30   8       0.000000      -0.508112      0       0.000966
   31   7       0.000000      -0.415700      0       0.001169
   32   1       0.000000       0.328262      0       0.000000
   33   6       0.000000       0.018800      0       0.004914
   34   1       0.000000       0.089611      0       0.000000
   35   6       0.000000       0.194969      0       0.002282
   36   1       0.000000       0.050940      0       0.000000
   37   1       0.000000       0.013498      0       0.000000
   38   6       0.000000      -0.270089      0       0.001736
   39   7       0.000000      -0.051354      0       0.004448
   40   1       0.000000       0.319942      0       0.000000
   41   6       0.000000      -0.122731      0       0.003158
   42   1       0.000000       0.201990      0       0.000000
   43   7       0.000000      -0.011567      0       0.004967
   44   6       0.000000      -0.013245      0       0.004957
   45   1       0.000000       0.095432      0       0.000000
   46   6       0.000000       0.597300      0       0.000826
   47   8       0.000000      -0.567900      0       0.000867
   48   7       0.000000      -0.646331      0       0.000765
   49   1       0.000000       0.345628      0       0.000000
   50   6       0.000000       0.085280      0       0.003804
   51   1       0.000000       0.072184      0       0.000000
   52   1       0.000000       0.080074      0       0.000000
   53   1       0.000000       0.063167      0       0.000000
   54   1       0.000000       0.094505      0       0.000000
   55   6       0.000000      -0.385691      0       0.001255
   56   1       0.000000       0.105713      0       0.000000
   57   1       0.000000       0.133784      0       0.000000
   58   6       0.000000       0.607911      0       0.000812
   59   8       0.000000      -0.556222      0       0.000885
   60   7       0.000000      -0.415700      0       0.001169
   61   1       0.000000       0.295467      0       0.000000
   62   6       0.000000      -0.058100      0       0.004323
   63   1       0.000000       0.128736      0       0.000000
   64   6       0.000000       0.008891      0       0.004980
   65   1       0.000000       0.050354      0       0.000000
   66   1       0.000000       0.093732      0       0.000000
   67   6       0.000000      -0.045151      0       0.004557
   68   7       0.000000      -0.003687      0       0.004997
   69   6       0.000000      -0.083878      0       0.003831
   70   1       0.000000       0.159705      0       0.000000
   71   7       0.000000      -0.158412      0       0.002669
   72   1       0.000000       0.340525      0       0.000000
   73   6       0.000000      -0.141916      0       0.002880
   74   1       0.000000       0.169412      0       0.000000
   75   6       0.000000       0.597300      0       0.000826
   76   8       0.000000      -0.567900      0       0.000867
   77   7       0.000000      -0.561198      0       0.000877
   78   1       0.000000       0.331324      0       0.000000
   79   6       0.000000       0.041312      0       0.004621
   80   1       0.000000       0.047156      0       0.000000
   81   1       0.000000       0.097809      0       0.000000
   82   1       0.000000       0.043598      0       0.000000
   83  30       0.000000       0.433482      0       0.001124
   84   6       0.000000       0.024123      0       0.004861
   85   6       0.000000       0.017432      0       0.004926
   86   6       0.000000      -0.238255      0       0.001935
   87   6       0.000000      -0.164243      0       0.002600
   88   6       0.000000       0.127714      0       0.003082
   89   6       0.000000       0.047266      0       0.004521
   90   6       0.000000      -0.040579      0       0.004633
   91   6       0.000000      -0.166655      0       0.002573
   92   6       0.000000      -0.165719      0       0.002583
   93   6       0.000000       0.035452      0       0.004713
   94   7       0.000000      -0.251387      0       0.001848
   95   6       0.000000      -0.005525      0       0.004992
   96   6       0.000000      -0.065270      0       0.004187
   97  16       0.000000       0.392623      0       0.001234
   98   8       0.000000      -0.444881      0       0.001097
   99   8       0.000000      -0.417442      0       0.001165
  100   7       0.000000      -0.572243      0       0.000861
  101   1       0.000000       0.322709      0       0.000000
  102   1       0.000000      -0.000481      0       0.000000
  103   1       0.000000       0.055697      0       0.000000
  104   1       0.000000       0.078969      0       0.000000
  105   1       0.000000       0.046259      0       0.000000
  106   1       0.000000      -0.028357      0       0.000000
  107   1       0.000000       0.045283      0       0.000000
  108   1       0.000000       0.190021      0       0.000000
  109   1       0.000000       0.148413      0       0.000000
  110   1       0.000000       0.100279      0       0.000000
  111   1       0.000000       0.176227      0       0.000000
  112   1       0.000000       0.142030      0       0.000000
  113   1       0.000000       0.062938      0       0.000000

 Sum over the calculated charges:      1.000

        Statistics of the fitting:
  The initial sum of squares (ssvpot)                     20.729
  The residual sum of squares (chipot)                     0.014
  The std err of estimate (sqrt(chipot/N))               0.00199
  ESP relative RMS (SQRT(chipot/ssvpot))                 0.02597

 Center of Mass (Angst.):

 X  =   0.00000      Y  =   0.00000      Z  =   0.00000

 Dipole (Debye):

 X  = -17.51809      Y  =  -8.92804      Z  =  -2.00942

 Dipole Moment (Debye)=  19.76439

 Quadrupole (Debye*Angst.):

 Qxx = 118.99948     QYY =  33.19781     QZZ =-152.19728
 Qxy =  27.64123     QXZ =-229.96923     QYZ =-139.94436
